<?xml version="1.0" encoding="UTF-8"?>
<!-- Generated by org.testng.reporters.JUnitReportReporter -->
<testsuite hostname="Roman" failures="0" tests="1" name="romangaznavi.tests.ErrorValidations" time="8.390" errors="0" timestamp="2024-03-20T12:34:12 EDT" skipped="0">
  <testcase classname="romangaznavi.tests.ErrorValidations" name="SubmitOrder" time="8.390"/>
</testsuite> <!-- romangaznavi.tests.ErrorValidations -->
