<?xml version="1.0" encoding="UTF-8"?>
<!-- Generated by org.testng.reporters.JUnitReportReporter -->
<testsuite hostname="Roman" failures="0" tests="1" name="cucumber.TestNGTestRunner" time="22.562" errors="0" timestamp="2024-03-26T13:26:04 EDT" skipped="0">
  <testcase classname="cucumber.TestNGTestRunner" name="runScenario" time="22.562"/>
</testsuite> <!-- cucumber.TestNGTestRunner -->
